16:57:12 **** Incremental Build of configuration Debug for project test3 ****
make pre-build main-build 
a9-linaro-pre-build-step
' '
'Building target: test3.elf'
'Invoking: ARM v7 gcc linker'
arm-none-eabi-gcc -mcpu=cortex-a9 -mfpu=vfpv3 -mfloat-abi=hard -Wl,-build-id=none -specs=Xilinx.spec -Wl,-T -Wl,../src/lscript.ld -L../../test2_bsp/ps7_cortexa9_0/lib -o "test3.elf"  ./src/FIR_driver.o ./src/audio_fun.o ./src/filter_driver_H.o ./src/helloworld.o ./src/platform.o ./src/timer_ps.o   -Wl,--start-group,-lxil,-lgcc,-lc,--end-group
c:/xilinx/sdk/2018.2/gnu/aarch32/nt/gcc-arm-none-eabi/bin/../lib/gcc/arm-none-eabi/7.2.1/../../../../arm-none-eabi/bin/ld.exe: cannot open output file test3.elf: Invalid argument
collect2.exe: error: ld returned 1 exit status
make: *** [test3.elf] Error 1

16:57:13 Build Finished (took 769ms)

